{"contracts/fullSchoolSystem.sol":{"l":{"8":1,"14":1,"21":0,"29":0,"33":0,"42":0,"46":0,"65":0,"69":0,"70":0,"79":0,"83":0,"84":0,"88":0,"102":0,"103":0},"path":"/home/wtc/Documents/Blockchain-Elective/Solidity_Basics_Practice/contracts/fullSchoolSystem.sol","s":{"1":1,"2":1,"3":0,"4":0,"5":0,"6":0,"7":0,"8":0,"9":0,"10":0},"b":{"1":[0,0],"2":[0,0]},"f":{"1":1,"2":1,"3":0,"4":0,"5":0,"6":0,"7":0,"8":0,"9":0,"10":0,"11":0,"12":0,"13":0,"14":0,"15":0},"fnMap":{"1":{"name":"sayHello","line":7,"loc":{"start":{"line":7,"column":4},"end":{"line":9,"column":4}}},"2":{"name":"sayHelloFromChild","line":13,"loc":{"start":{"line":13,"column":4},"end":{"line":15,"column":4}}},"3":{"name":"externalFunction","line":20,"loc":{"start":{"line":20,"column":4},"end":{"line":22,"column":4}}},"4":{"name":"constructor","line":28,"loc":{"start":{"line":28,"column":4},"end":{"line":30,"column":4}}},"5":{"name":"callExternalFunction","line":32,"loc":{"start":{"line":32,"column":4},"end":{"line":34,"column":4}}},"6":{"name":"constructor","line":41,"loc":{"start":{"line":41,"column":4},"end":{"line":43,"column":4}}},"7":{"name":"getSchoolName","line":45,"loc":{"start":{"line":45,"column":4},"end":{"line":47,"column":4}}},"8":{"name":"constructor","line":60,"loc":{"start":{"line":60,"column":4},"end":{"line":62,"column":4}}},"9":{"name":"addStudent","line":64,"loc":{"start":{"line":64,"column":4},"end":{"line":66,"column":4}}},"10":{"name":"getStudent","line":68,"loc":{"start":{"line":68,"column":4},"end":{"line":71,"column":4}}},"11":{"name":"constructor","line":78,"loc":{"start":{"line":78,"column":4},"end":{"line":80,"column":4}}},"12":{"name":"onlyAdmin","line":82,"loc":{"start":{"line":82,"column":4},"end":{"line":85,"column":4}}},"13":{"name":"changeAdmin","line":87,"loc":{"start":{"line":87,"column":4},"end":{"line":89,"column":4}}},"14":{"name":"constructor","line":97,"loc":{"start":{"line":95,"column":4},"end":{"line":98,"column":4}}},"15":{"name":"getFullDetails","line":100,"loc":{"start":{"line":100,"column":4},"end":{"line":104,"column":4}}}},"statementMap":{"1":{"start":{"line":8,"column":8},"end":{"line":8,"column":34}},"2":{"start":{"line":14,"column":8},"end":{"line":14,"column":33}},"3":{"start":{"line":21,"column":8},"end":{"line":21,"column":45}},"4":{"start":{"line":33,"column":8},"end":{"line":33,"column":50}},"5":{"start":{"line":46,"column":8},"end":{"line":46,"column":25}},"6":{"start":{"line":69,"column":8},"end":{"line":69,"column":40}},"7":{"start":{"line":70,"column":8},"end":{"line":70,"column":52}},"8":{"start":{"line":83,"column":8},"end":{"line":83,"column":48}},"9":{"start":{"line":102,"column":8},"end":{"line":102,"column":81}},"10":{"start":{"line":103,"column":8},"end":{"line":103,"column":70}}},"branchMap":{"1":{"line":83,"type":"if","locations":[{"start":{"line":83,"column":8},"end":{"line":83,"column":8}},{"start":{"line":83,"column":8},"end":{"line":83,"column":8}}]},"2":{"line":87,"type":"if","locations":[{"start":{"line":87,"column":51},"end":{"line":87,"column":51}},{"start":{"line":87,"column":51},"end":{"line":87,"column":51}}]}}}}