{"contracts/fullSchoolSystem.sol":{"l":{"8":2,"14":1,"21":2,"29":1,"33":1,"42":3,"46":2,"65":2,"69":2,"70":2,"79":2,"83":2,"84":1,"89":1,"93":1,"107":1,"108":1},"path":"/home/wtc/Documents/Blockchain-Elective/Solidity_Basics_Practice/contracts/fullSchoolSystem.sol","s":{"1":2,"2":1,"3":2,"4":1,"5":2,"6":2,"7":2,"8":2,"9":1,"10":1,"11":1},"b":{"1":[1,1],"2":[1,1]},"f":{"1":2,"2":1,"3":2,"4":1,"5":1,"6":3,"7":2,"8":2,"9":2,"10":2,"11":2,"12":2,"13":1,"14":1,"15":1,"16":1},"fnMap":{"1":{"name":"sayHello","line":7,"loc":{"start":{"line":7,"column":4},"end":{"line":9,"column":4}}},"2":{"name":"sayHelloFromChild","line":13,"loc":{"start":{"line":13,"column":4},"end":{"line":15,"column":4}}},"3":{"name":"externalFunction","line":20,"loc":{"start":{"line":20,"column":4},"end":{"line":22,"column":4}}},"4":{"name":"constructor","line":28,"loc":{"start":{"line":28,"column":4},"end":{"line":30,"column":4}}},"5":{"name":"callExternalFunction","line":32,"loc":{"start":{"line":32,"column":4},"end":{"line":34,"column":4}}},"6":{"name":"constructor","line":41,"loc":{"start":{"line":41,"column":4},"end":{"line":43,"column":4}}},"7":{"name":"getSchoolName","line":45,"loc":{"start":{"line":45,"column":4},"end":{"line":47,"column":4}}},"8":{"name":"constructor","line":60,"loc":{"start":{"line":60,"column":4},"end":{"line":62,"column":4}}},"9":{"name":"addStudent","line":64,"loc":{"start":{"line":64,"column":4},"end":{"line":66,"column":4}}},"10":{"name":"getStudent","line":68,"loc":{"start":{"line":68,"column":4},"end":{"line":71,"column":4}}},"11":{"name":"constructor","line":78,"loc":{"start":{"line":78,"column":4},"end":{"line":80,"column":4}}},"12":{"name":"onlyAdmin","line":82,"loc":{"start":{"line":82,"column":4},"end":{"line":85,"column":4}}},"13":{"name":"getAdmin","line":88,"loc":{"start":{"line":88,"column":4},"end":{"line":90,"column":4}}},"14":{"name":"changeAdmin","line":92,"loc":{"start":{"line":92,"column":4},"end":{"line":94,"column":4}}},"15":{"name":"constructor","line":102,"loc":{"start":{"line":100,"column":4},"end":{"line":103,"column":4}}},"16":{"name":"getFullDetails","line":105,"loc":{"start":{"line":105,"column":4},"end":{"line":109,"column":4}}}},"statementMap":{"1":{"start":{"line":8,"column":8},"end":{"line":8,"column":34}},"2":{"start":{"line":14,"column":8},"end":{"line":14,"column":33}},"3":{"start":{"line":21,"column":8},"end":{"line":21,"column":45}},"4":{"start":{"line":33,"column":8},"end":{"line":33,"column":50}},"5":{"start":{"line":46,"column":8},"end":{"line":46,"column":25}},"6":{"start":{"line":69,"column":8},"end":{"line":69,"column":40}},"7":{"start":{"line":70,"column":8},"end":{"line":70,"column":52}},"8":{"start":{"line":83,"column":8},"end":{"line":83,"column":48}},"9":{"start":{"line":89,"column":8},"end":{"line":89,"column":20}},"10":{"start":{"line":107,"column":8},"end":{"line":107,"column":81}},"11":{"start":{"line":108,"column":8},"end":{"line":108,"column":70}}},"branchMap":{"1":{"line":83,"type":"if","locations":[{"start":{"line":83,"column":8},"end":{"line":83,"column":8}},{"start":{"line":83,"column":8},"end":{"line":83,"column":8}}]},"2":{"line":92,"type":"if","locations":[{"start":{"line":92,"column":51},"end":{"line":92,"column":51}},{"start":{"line":92,"column":51},"end":{"line":92,"column":51}}]}}}}