TN:
SF:/home/wtc/Documents/Blockchain-Elective/Solidity_Basics_Practice/contracts/fullSchoolSystem.sol
FN:7,sayHello
FN:13,sayHelloFromChild
FN:20,externalFunction
FN:28,constructor
FN:32,callExternalFunction
FN:41,constructor
FN:45,getSchoolName
FN:60,constructor
FN:64,addStudent
FN:68,getStudent
FN:78,constructor
FN:82,onlyAdmin
FN:88,getAdmin
FN:92,changeAdmin
FN:102,constructor
FN:105,getFullDetails
FNF:16
FNH:16
FNDA:2,sayHello
FNDA:1,sayHelloFromChild
FNDA:2,externalFunction
FNDA:1,constructor
FNDA:1,callExternalFunction
FNDA:3,constructor
FNDA:2,getSchoolName
FNDA:2,constructor
FNDA:2,addStudent
FNDA:2,getStudent
FNDA:2,constructor
FNDA:2,onlyAdmin
FNDA:1,getAdmin
FNDA:1,changeAdmin
FNDA:1,constructor
FNDA:1,getFullDetails
DA:8,2
DA:14,1
DA:21,2
DA:29,1
DA:33,1
DA:42,3
DA:46,2
DA:65,2
DA:69,2
DA:70,2
DA:79,2
DA:83,2
DA:84,1
DA:89,1
DA:93,1
DA:107,1
DA:108,1
LF:17
LH:17
BRDA:83,1,0,1
BRDA:83,1,1,1
BRDA:92,2,0,1
BRDA:92,2,1,1
BRF:4
BRH:4
end_of_record
