TN:
SF:/home/wtc/Documents/Blockchain-Elective/Solidity_Basics_Practice/contracts/fullSchoolSystem.sol
FN:7,sayHello
FN:13,sayHelloFromChild
FN:20,externalFunction
FN:28,constructor
FN:32,callExternalFunction
FN:41,constructor
FN:45,getSchoolName
FN:60,constructor
FN:64,addStudent
FN:68,getStudent
FN:78,constructor
FN:82,onlyAdmin
FN:87,changeAdmin
FN:97,constructor
FN:100,getFullDetails
FNF:15
FNH:2
FNDA:1,sayHello
FNDA:1,sayHelloFromChild
FNDA:0,externalFunction
FNDA:0,constructor
FNDA:0,callExternalFunction
FNDA:0,constructor
FNDA:0,getSchoolName
FNDA:0,constructor
FNDA:0,addStudent
FNDA:0,getStudent
FNDA:0,constructor
FNDA:0,onlyAdmin
FNDA:0,changeAdmin
FNDA:0,constructor
FNDA:0,getFullDetails
DA:8,1
DA:14,1
DA:21,0
DA:29,0
DA:33,0
DA:42,0
DA:46,0
DA:65,0
DA:69,0
DA:70,0
DA:79,0
DA:83,0
DA:84,0
DA:88,0
DA:102,0
DA:103,0
LF:16
LH:2
BRDA:83,1,0,0
BRDA:83,1,1,0
BRDA:87,2,0,0
BRDA:87,2,1,0
BRF:4
BRH:0
end_of_record
